2025-05-31 17:25:00,661 - INFO - Cleared existing data
2025-05-31 17:25:00,678 - INFO - Created plan: Basic (KSh 1000.00/month)
2025-05-31 17:25:00,690 - INFO - Created plan: Standard (KSh 2000.00/month)
2025-05-31 17:25:00,700 - INFO - Created plan: Premium (KSh 3500.00/month)
2025-05-31 17:25:00,711 - INFO - Created plan: Ultra (KSh 5000.00/month)
2025-05-31 17:25:00,714 - ERROR - Skipping customer: create() got multiple values for argument 'router_id'
2025-05-31 17:25:00,715 - ERROR - Skipping customer: create() got multiple values for argument 'router_id'
2025-05-31 17:25:00,716 - ERROR - Skipping customer: create() got multiple values for argument 'router_id'
2025-05-31 17:25:00,717 - ERROR - Skipping customer: create() got multiple values for argument 'router_id'
2025-05-31 17:25:00,718 - ERROR - Skipping customer: create() got multiple values for argument 'router_id'
2025-05-31 17:25:00,719 - ERROR - Skipping customer: create() got multiple values for argument 'router_id'
2025-05-31 17:25:00,720 - ERROR - Skipping customer: create() got multiple values for argument 'router_id'
2025-05-31 17:25:00,720 - ERROR - Skipping customer: create() got multiple values for argument 'router_id'
2025-05-31 17:25:00,721 - ERROR - Skipping customer: create() got multiple values for argument 'router_id'
2025-05-31 17:25:00,722 - ERROR - Skipping customer: create() got multiple values for argument 'router_id'
2025-05-31 17:25:00,724 - ERROR - Skipping customer: create() got multiple values for argument 'router_id'
2025-05-31 17:25:00,724 - ERROR - Skipping customer: create() got multiple values for argument 'router_id'
2025-05-31 17:25:00,725 - ERROR - Skipping customer: create() got multiple values for argument 'router_id'
2025-05-31 17:25:00,726 - ERROR - Skipping customer: create() got multiple values for argument 'router_id'
2025-05-31 17:25:00,727 - ERROR - Skipping customer: create() got multiple values for argument 'router_id'
2025-05-31 17:25:00,728 - ERROR - Skipping customer: create() got multiple values for argument 'router_id'
2025-05-31 17:25:00,729 - ERROR - Skipping customer: create() got multiple values for argument 'router_id'
2025-05-31 17:25:00,730 - ERROR - Skipping customer: create() got multiple values for argument 'router_id'
2025-05-31 17:25:00,731 - ERROR - Skipping customer: create() got multiple values for argument 'router_id'
2025-05-31 17:25:00,732 - ERROR - Skipping customer: create() got multiple values for argument 'router_id'
2025-05-31 17:25:00,732 - ERROR - Skipping customer: create() got multiple values for argument 'router_id'
2025-05-31 17:25:00,733 - ERROR - Skipping customer: create() got multiple values for argument 'router_id'
2025-05-31 17:25:00,734 - ERROR - Skipping customer: create() got multiple values for argument 'router_id'
2025-05-31 17:25:00,735 - ERROR - Skipping customer: create() got multiple values for argument 'router_id'
2025-05-31 17:25:00,735 - ERROR - Skipping customer: create() got multiple values for argument 'router_id'
2025-05-31 17:25:00,737 - ERROR - Skipping customer: create() got multiple values for argument 'router_id'
2025-05-31 17:25:00,738 - ERROR - Skipping customer: create() got multiple values for argument 'router_id'
2025-05-31 17:25:00,739 - ERROR - Skipping customer: create() got multiple values for argument 'router_id'
2025-05-31 17:25:00,740 - ERROR - Skipping customer: create() got multiple values for argument 'router_id'
2025-05-31 17:25:00,741 - ERROR - Skipping customer: create() got multiple values for argument 'router_id'
2025-05-31 17:25:00,742 - ERROR - Skipping customer: create() got multiple values for argument 'router_id'
2025-05-31 17:25:00,743 - ERROR - Skipping customer: create() got multiple values for argument 'router_id'
2025-05-31 17:25:00,744 - ERROR - Skipping customer: create() got multiple values for argument 'router_id'
2025-05-31 17:25:00,745 - ERROR - Skipping customer: create() got multiple values for argument 'router_id'
2025-05-31 17:25:00,746 - ERROR - Skipping customer: create() got multiple values for argument 'router_id'
2025-05-31 17:25:00,748 - ERROR - Skipping customer: create() got multiple values for argument 'router_id'
2025-05-31 17:25:00,749 - ERROR - Skipping customer: create() got multiple values for argument 'router_id'
2025-05-31 17:25:00,750 - ERROR - Skipping customer: create() got multiple values for argument 'router_id'
2025-05-31 17:25:00,751 - ERROR - Skipping customer: create() got multiple values for argument 'router_id'
2025-05-31 17:25:00,752 - ERROR - Skipping customer: create() got multiple values for argument 'router_id'
2025-05-31 17:25:00,753 - INFO - Created 0 validated customers
2025-05-31 17:25:00,753 - ERROR - Critical error during seeding: Failed to create base data
